#
# There is insufficient memory for the Java Runtime Environment to continue.
# Native memory allocation (mmap) failed to map 73400320 bytes for Failed to commit area from 0x00000000bb400000 to 0x00000000bfa00000 of length 73400320.
# Possible reasons:
#   The system is out of physical RAM or swap space
#   The process is running with CompressedOops enabled, and the Java Heap may be blocking the growth of the native heap
# Possible solutions:
#   Reduce memory load on the system
#   Increase physical memory or swap space
#   Check if swap backing store is full
#   Decrease Java heap size (-Xmx/-Xms)
#   Decrease number of Java threads
#   Decrease Java thread stack sizes (-Xss)
#   Set larger code cache with -XX:ReservedCodeCacheSize=
# This output file may be truncated or incomplete.
#
#  Out of Memory Error (t:/workspace/open/src/hotspot/os/windows/os_windows.cpp:3301), pid=16980, tid=13248
#
# JRE version:  (13.0.1+9) (build )
# Java VM: Java HotSpot(TM) 64-Bit Server VM (13.0.1+9, mixed mode, aot, sharing, tiered, compressed oops, g1 gc, windows-amd64)
# No core dump will be written. Minidumps are not enabled by default on client versions of Windows
#

---------------  S U M M A R Y ------------

Command Line: -Dclassworlds.conf=C:\Program Files\NetBeans-12.0\netbeans\java\maven\bin\..\bin\m2.conf -Dmaven.home=C:\Program Files\NetBeans-12.0\netbeans\java\maven\bin\.. -Dlibrary.jansi.path=C:\Program Files\NetBeans-12.0\netbeans\java\maven\bin\..\lib\jansi-native -Dmaven.multiModuleProjectDirectory=C:\Users\DRzepak\Documents\NetBeansProjects\jewelry\jewelry org.codehaus.plexus.classworlds.launcher.Launcher -Dmaven.ext.class.path=C:\Program Files\NetBeans-12.0\netbeans\java\maven-nblib\netbeans-eventspy.jar -Dfile.encoding=UTF-8 install

Host: Intel(R) Core(TM) i7-8650U CPU @ 1.90GHz, 2 cores, 4G,  Windows 10 , 64 bit Build 18362 (10.0.18362.1110)
Time: Sat Sep 11 21:54:04 2021 ?rodkowoeuropejski czas letni elapsed time: 0 seconds (0d 0h 0m 0s)

---------------  T H R E A D  ---------------

Current thread (0x000001702808f800):  JavaThread "Unknown thread" [_thread_in_vm, id=13248, stack(0x0000005153400000,0x0000005153500000)]

Stack: [0x0000005153400000,0x0000005153500000]
Native frames: (J=compiled Java code, j=interpreted, Vv=VM code, C=native code)
V  [jvm.dll+0x626eca]
V  [jvm.dll+0x772c6a]
V  [jvm.dll+0x77441f]
V  [jvm.dll+0x774a23]
V  [jvm.dll+0x24da58]
V  [jvm.dll+0x62438a]
V  [jvm.dll+0x618f75]
V  [jvm.dll+0x30c61c]
V  [jvm.dll+0x30c452]
V  [jvm.dll+0x311bc6]
V  [jvm.dll+0x355ce6]
V  [jvm.dll+0x3554c0]
V  [jvm.dll+0x2e729a]
V  [jvm.dll+0x2e8532]
V  [jvm.dll+0x74fcd8]
V  [jvm.dll+0x363739]
V  [jvm.dll+0x732dc5]
V  [jvm.dll+0x3ce2ef]
V  [jvm.dll+0x3d0611]
C  [jli.dll+0x51ff]
C  [ucrtbase.dll+0x210b2]
C  [KERNEL32.DLL+0x17c24]
C  [ntdll.dll+0x6d4d1]


---------------  P R O C E S S  ---------------

Threads class SMR info:
_java_thread_list=0x00007fffb37d46b8, length=0, elements={
}

Java Threads: ( => current thread )

Other Threads:
  0x00000170280c1000 GCTaskThread "GC Thread#0" [stack: 0x0000005153500000,0x0000005153600000] [id=13120]
  0x00000170280cb000 ConcurrentGCThread "G1 Main Marker" [stack: 0x0000005153600000,0x0000005153700000] [id=9888]
  0x00000170280cc800 ConcurrentGCThread "G1 Conc#0" [stack: 0x0000005153700000,0x0000005153800000] [id=13756]

[error occurred during error reporting (printing all threads), id 0xc0000005, EXCEPTION_ACCESS_VIOLATION (0xc0000005) at pc=0x00007fffb3006f67]

VM state:not at safepoint (not fully initialized)

VM Mutex/Monitor currently owned by a thread:  ([mutex/lock_event])
[0x000001702808d420] Heap_lock - owner thread: 0x000001702808f800

Heap address: 0x00000000bb400000, size: 1100 MB, Compressed Oops mode: Non-zero based: 0x00000000bb400000
Narrow klass base: 0x0000000000000000, Narrow klass shift: 0

GC Heap History (0 events):
No events

Deoptimization events (0 events):
No events

Classes unloaded (0 events):
No events

Classes redefined (0 events):
No events

Internal exceptions (0 events):
No events

Events (8 events):
Event: 0.064 Loaded shared library C:\Program Files\Java\jdk-13.0.1\bin\zip.dll
Event: 0.065 Loaded shared library C:\Program Files\Java\jdk-13.0.1\bin\jimage.dll
Event: 0.078 Loading shared library C:\Program Files\Java\jdk-13.0.1\lib\libjava.base-coop.dll failed, error code 126
Event: 0.078 Loading shared library C:\Program Files\Java\jdk-13.0.1\lib\libjava.logging-coop.dll failed, error code 126
Event: 0.078 Loading shared library C:\Program Files\Java\jdk-13.0.1\lib\libjdk.compiler-coop.dll failed, error code 126
Event: 0.078 Loading shared library C:\Program Files\Java\jdk-13.0.1\lib\libjdk.scripting.nashorn-coop.dll failed, error code 126
Event: 0.078 Loading shared library C:\Program Files\Java\jdk-13.0.1\lib\libjdk.internal.vm.ci-coop.dll failed, error code 126
Event: 0.078 Loading shared library C:\Program Files\Java\jdk-13.0.1\lib\libjdk.internal.vm.compiler-coop.dll failed, error code 126


Dynamic libraries:
0x00007ff67f870000 - 0x00007ff67f87f000 	C:\Program Files\Java\jdk-13.0.1\bin\java.exe
0x00007fffdb2c0000 - 0x00007fffdb4b0000 	C:\WINDOWS\SYSTEM32\ntdll.dll
0x00007fffd9e80000 - 0x00007fffd9f32000 	C:\WINDOWS\System32\KERNEL32.DLL
0x00007fffd8310000 - 0x00007fffd85b5000 	C:\WINDOWS\System32\KERNELBASE.dll
0x00007fffd88a0000 - 0x00007fffd899a000 	C:\WINDOWS\System32\ucrtbase.dll
0x00007fffd6aa0000 - 0x00007fffd6ab5000 	C:\Program Files\Java\jdk-13.0.1\bin\VCRUNTIME140.dll
0x00007fffd41a0000 - 0x00007fffd41b8000 	C:\Program Files\Java\jdk-13.0.1\bin\jli.dll
0x00007fffd9dd0000 - 0x00007fffd9e73000 	C:\WINDOWS\System32\ADVAPI32.dll
0x00007fffda9a0000 - 0x00007fffdaa3e000 	C:\WINDOWS\System32\msvcrt.dll
0x00007fffdaa40000 - 0x00007fffdaad7000 	C:\WINDOWS\System32\sechost.dll
0x00007fffda700000 - 0x00007fffda820000 	C:\WINDOWS\System32\RPCRT4.dll
0x00007fffd9620000 - 0x00007fffd97b4000 	C:\WINDOWS\System32\USER32.dll
0x00007fffd8870000 - 0x00007fffd8891000 	C:\WINDOWS\System32\win32u.dll
0x00007fffda670000 - 0x00007fffda696000 	C:\WINDOWS\System32\GDI32.dll
0x00007fffd8670000 - 0x00007fffd8806000 	C:\WINDOWS\System32\gdi32full.dll
0x00007fffd9320000 - 0x00007fffd93be000 	C:\WINDOWS\System32\msvcp_win.dll
0x00007fffc4ad0000 - 0x00007fffc4d54000 	C:\WINDOWS\WinSxS\amd64_microsoft.windows.common-controls_6595b64144ccf1df_6.0.18362.1256_none_9e7e379be45e40e2\COMCTL32.dll
0x00007fffd9870000 - 0x00007fffd9ba6000 	C:\WINDOWS\System32\combase.dll
0x00007fffd93c0000 - 0x00007fffd9441000 	C:\WINDOWS\System32\bcryptPrimitives.dll
0x00007fffd1ac0000 - 0x00007fffd1aca000 	C:\WINDOWS\SYSTEM32\VERSION.dll
0x00007fffda640000 - 0x00007fffda66e000 	C:\WINDOWS\System32\IMM32.DLL
0x00007fffcd9d0000 - 0x00007fffcda6b000 	C:\Program Files\Java\jdk-13.0.1\bin\msvcp140.dll
0x00007fffb2d10000 - 0x00007fffb3876000 	C:\Program Files\Java\jdk-13.0.1\bin\server\jvm.dll
0x00007fffcdb00000 - 0x00007fffcdb09000 	C:\WINDOWS\SYSTEM32\WSOCK32.dll
0x00007fffda550000 - 0x00007fffda558000 	C:\WINDOWS\System32\PSAPI.DLL
0x00007fffd1c90000 - 0x00007fffd1cb4000 	C:\WINDOWS\SYSTEM32\WINMM.dll
0x00007fffda5d0000 - 0x00007fffda63f000 	C:\WINDOWS\System32\WS2_32.dll
0x00007fffd1c60000 - 0x00007fffd1c8d000 	C:\WINDOWS\SYSTEM32\WINMMBASE.dll
0x00007fffd89a0000 - 0x00007fffd89ea000 	C:\WINDOWS\System32\cfgmgr32.dll
0x00007fffd8250000 - 0x00007fffd8261000 	C:\WINDOWS\System32\kernel.appcore.dll
0x00007fffd6a90000 - 0x00007fffd6aa0000 	C:\Program Files\Java\jdk-13.0.1\bin\verify.dll
0x00007fffd6ac0000 - 0x00007fffd6cb4000 	C:\WINDOWS\SYSTEM32\DBGHELP.DLL
0x00007fffd1b90000 - 0x00007fffd1bba000 	C:\WINDOWS\SYSTEM32\dbgcore.DLL
0x00007fffd4170000 - 0x00007fffd4196000 	C:\Program Files\Java\jdk-13.0.1\bin\java.dll
0x00007fffd2900000 - 0x00007fffd2917000 	C:\Program Files\Java\jdk-13.0.1\bin\zip.dll
0x00007fffd6a20000 - 0x00007fffd6a2a000 	C:\Program Files\Java\jdk-13.0.1\bin\jimage.dll

dbghelp: loaded successfully - version: 4.0.5 - missing functions: none
symbol engine: initialized successfully - sym options: 0x614 - pdb path: .;C:\Program Files\Java\jdk-13.0.1\bin;C:\WINDOWS\SYSTEM32;C:\WINDOWS\WinSxS\amd64_microsoft.windows.common-controls_6595b64144ccf1df_6.0.18362.1256_none_9e7e379be45e40e2;C:\Program Files\Java\jdk-13.0.1\bin\server

VM Arguments:
jvm_args: -Dclassworlds.conf=C:\Program Files\NetBeans-12.0\netbeans\java\maven\bin\..\bin\m2.conf -Dmaven.home=C:\Program Files\NetBeans-12.0\netbeans\java\maven\bin\.. -Dlibrary.jansi.path=C:\Program Files\NetBeans-12.0\netbeans\java\maven\bin\..\lib\jansi-native -Dmaven.multiModuleProjectDirectory=C:\Users\DRzepak\Documents\NetBeansProjects\jewelry\jewelry 
java_command: org.codehaus.plexus.classworlds.launcher.Launcher -Dmaven.ext.class.path=C:\Program Files\NetBeans-12.0\netbeans\java\maven-nblib\netbeans-eventspy.jar -Dfile.encoding=UTF-8 install
java_class_path (initial): C:\Program Files\NetBeans-12.0\netbeans\java\maven\bin\..\boot\plexus-classworlds-2.6.0.jar
Launcher Type: SUN_STANDARD

[Global flags]
     intx CICompilerCount                          = 2                                         {product} {ergonomic}
     uint ConcGCThreads                            = 1                                         {product} {ergonomic}
     uint G1ConcRefinementThreads                  = 2                                         {product} {ergonomic}
   size_t G1HeapRegionSize                         = 1048576                                   {product} {ergonomic}
    uintx GCDrainStackTargetSize                   = 64                                        {product} {ergonomic}
   size_t InitialHeapSize                          = 73400320                                  {product} {ergonomic}
   size_t MarkStackSize                            = 4194304                                   {product} {ergonomic}
   size_t MaxHeapSize                              = 1153433600                                {product} {ergonomic}
   size_t MinHeapDeltaBytes                        = 1048576                                   {product} {ergonomic}
   size_t MinHeapSize                              = 8388608                                   {product} {ergonomic}
    uintx NonNMethodCodeHeapSize                   = 5825164                                {pd product} {ergonomic}
    uintx NonProfiledCodeHeapSize                  = 122916538                              {pd product} {ergonomic}
    uintx ProfiledCodeHeapSize                     = 122916538                              {pd product} {ergonomic}
    uintx ReservedCodeCacheSize                    = 251658240                              {pd product} {ergonomic}
     bool SegmentedCodeCache                       = true                                      {product} {ergonomic}
   size_t SoftMaxHeapSize                          = 1153433600                             {manageable} {ergonomic}
     bool UseCompressedClassPointers               = true                                 {lp64_product} {ergonomic}
     bool UseCompressedOops                        = true                                 {lp64_product} {ergonomic}
     bool UseG1GC                                  = true                                      {product} {ergonomic}
     bool UseLargePagesIndividualAllocation        = false                                  {pd product} {ergonomic}

Logging:
Log output configuration:
 #0: stdout all=warning uptime,level,tags
 #1: stderr all=off uptime,level,tags

Environment Variables:
JAVA_HOME=C:\Program Files\Java\jdk-13.0.1
PATH=C:\Program Files\Common Files\Oracle\Java\javapath;C:\Program Files (x86)\Common Files\Oracle\Java\javapath;C:\WINDOWS\system32;C:\WINDOWS;C:\WINDOWS\System32\Wbem;C:\WINDOWS\System32\WindowsPowerShell\v1.0\;C:\WINDOWS\System32\OpenSSH\;C:\Program Files\MySQL\MySQL Shell 8.0\bin\;C:\Users\DRzepak\AppData\Local\Microsoft\WindowsApps;;C:\Users\DRzepak\AppData\Local\Programs\Microsoft VS Code\bin
USERNAME=DRzepak
OS=Windows_NT
PROCESSOR_IDENTIFIER=Intel64 Family 6 Model 142 Stepping 10, GenuineIntel



---------------  S Y S T E M  ---------------

OS: Windows 10 , 64 bit Build 18362 (10.0.18362.1110)
VMWare virtualization detected

CPU:total 2 (initial active 2) (2 cores per cpu, 1 threads per core) family 6 model 142 stepping 10, cmov, cx8, fxsr, mmx, sse, sse2, sse3, ssse3, sse4.1, sse4.2, popcnt, avx, avx2, aes, clmul, erms, 3dnowpref, lzcnt, tsc, tscinvbit, bmi1, bmi2, adx, fma

Memory: 4k page, system-wide physical 4399M (242M free)
TotalPageFile size 11934M (AvailPageFile size 7M)
current process WorkingSet (physical memory assigned to process): 10M, peak: 10M
current process commit charge ("private bytes"): 47M, peak: 117M

vm_info: Java HotSpot(TM) 64-Bit Server VM (13.0.1+9) for windows-amd64 JRE (13.0.1+9), built on Oct  6 2019 12:37:49 by "mach5one" with unknown MS VC++:1916

END.
